[23-May-2022 14:11:11 Europe/Berlin] PHP Fatal error:  Uncaught mysqli_sql_exception: Access denied for user ''@'localhost' (using password: NO) in C:\xampp\htdocs\link\product\app\core\Database.php:23
Stack trace:
#0 C:\xampp\htdocs\link\product\app\core\Database.php(23): mysqli->__construct('', '', '', '')
#1 C:\xampp\htdocs\link\product\app\core\App.php(26): Altum\Database\Database::initialize()
#2 C:\xampp\htdocs\link\product\index.php(17): Altum\App->__construct()
#3 {main}
  thrown in C:\xampp\htdocs\link\product\app\core\Database.php on line 23
[23-May-2022 14:11:28 Europe/Berlin] PHP Fatal error:  Uncaught mysqli_sql_exception: Access denied for user ''@'localhost' (using password: NO) in C:\xampp\htdocs\link\app\core\Database.php:23
Stack trace:
#0 C:\xampp\htdocs\link\app\core\Database.php(23): mysqli->__construct('', '', '', '')
#1 C:\xampp\htdocs\link\app\core\App.php(26): Altum\Database\Database::initialize()
#2 C:\xampp\htdocs\link\index.php(17): Altum\App->__construct()
#3 {main}
  thrown in C:\xampp\htdocs\link\app\core\Database.php on line 23
[23-May-2022 12:15:27 UTC] PHP Warning:  Undefined property: stdClass::$auto_language_detection_is_enabled in C:\xampp\htdocs\link\app\core\App.php on line 172
[23-May-2022 12:15:27 UTC] PHP Warning:  Undefined property: stdClass::$color in C:\xampp\htdocs\link\themes\altum\views\partials\plans.php on line 56
[23-May-2022 12:15:27 UTC] PHP Warning:  Undefined property: stdClass::$price in C:\xampp\htdocs\link\themes\altum\views\partials\plans.php on line 61
[23-May-2022 12:15:27 UTC] PHP Warning:  Undefined property: stdClass::$description in C:\xampp\htdocs\link\themes\altum\views\partials\plans.php on line 64
[23-May-2022 12:15:27 UTC] PHP Warning:  Undefined property: stdClass::$biolink_blocks_limit in C:\xampp\htdocs\link\themes\altum\views\partials\plans_plan_content.php on line 9
[23-May-2022 12:15:27 UTC] PHP Warning:  Undefined property: stdClass::$biolink_blocks_limit in C:\xampp\htdocs\link\themes\altum\views\partials\plans_plan_content.php on line 9
[23-May-2022 12:15:27 UTC] PHP Warning:  Undefined property: stdClass::$qr_codes_limit in C:\xampp\htdocs\link\themes\altum\views\partials\plans_plan_content.php on line 27
[23-May-2022 12:15:27 UTC] PHP Warning:  Undefined property: stdClass::$qr_codes_limit in C:\xampp\htdocs\link\themes\altum\views\partials\plans_plan_content.php on line 27
[23-May-2022 12:15:27 UTC] PHP Warning:  Undefined property: stdClass::$track_links_retention in C:\xampp\htdocs\link\themes\altum\views\partials\plans_plan_content.php on line 72
[23-May-2022 12:15:27 UTC] PHP Warning:  Undefined property: stdClass::$track_links_retention in C:\xampp\htdocs\link\themes\altum\views\partials\plans_plan_content.php on line 72
[23-May-2022 12:15:27 UTC] PHP Warning:  Undefined property: stdClass::$dofollow_is_enabled in C:\xampp\htdocs\link\themes\altum\views\partials\plans_plan_content.php on line 77
[23-May-2022 12:15:27 UTC] PHP Warning:  Undefined property: stdClass::$dofollow_is_enabled in C:\xampp\htdocs\link\themes\altum\views\partials\plans_plan_content.php on line 81
[23-May-2022 12:15:27 UTC] PHP Warning:  Undefined property: stdClass::$custom_css_is_enabled in C:\xampp\htdocs\link\themes\altum\views\partials\plans_plan_content.php on line 77
[23-May-2022 12:15:27 UTC] PHP Warning:  Undefined property: stdClass::$custom_css_is_enabled in C:\xampp\htdocs\link\themes\altum\views\partials\plans_plan_content.php on line 81
[23-May-2022 12:15:27 UTC] PHP Warning:  Undefined property: stdClass::$custom_js_is_enabled in C:\xampp\htdocs\link\themes\altum\views\partials\plans_plan_content.php on line 77
[23-May-2022 12:15:27 UTC] PHP Warning:  Undefined property: stdClass::$custom_js_is_enabled in C:\xampp\htdocs\link\themes\altum\views\partials\plans_plan_content.php on line 81
[23-May-2022 12:15:27 UTC] PHP Warning:  Undefined property: stdClass::$directory_is_enabled in C:\xampp\htdocs\link\themes\altum\views\partials\index_menu.php on line 30
[23-May-2022 12:15:27 UTC] PHP Warning:  Undefined property: stdClass::$directory_is_enabled in C:\xampp\htdocs\link\themes\altum\views\partials\menu.php on line 30
[23-May-2022 12:15:27 UTC] PHP Warning:  Attempt to read property "is_enabled" on string in C:\xampp\htdocs\link\themes\altum\views\partials\menu.php on line 34
[23-May-2022 12:15:27 UTC] PHP Warning:  Undefined property: stdClass::$contact in C:\xampp\htdocs\link\themes\altum\views\partials\footer.php on line 55
[23-May-2022 12:15:27 UTC] PHP Warning:  Undefined property: stdClass::$is_enabled in C:\xampp\htdocs\link\themes\altum\views\partials\footer.php on line 59
[23-May-2022 12:15:27 UTC] PHP Warning:  Undefined property: stdClass::$guests_content in C:\xampp\htdocs\link\themes\altum\views\partials\announcements.php on line 4
[23-May-2022 12:15:27 UTC] PHP Warning:  Undefined property: stdClass::$users_content in C:\xampp\htdocs\link\themes\altum\views\partials\announcements.php on line 4
[23-May-2022 12:15:27 UTC] PHP Warning:  Undefined property: stdClass::$is_enabled in C:\xampp\htdocs\link\themes\altum\views\partials\cookie_consent.php on line 3
[23-May-2022 12:15:30 UTC] PHP Warning:  Undefined property: stdClass::$auto_language_detection_is_enabled in C:\xampp\htdocs\link\app\core\App.php on line 172
[23-May-2022 12:15:30 UTC] PHP Warning:  Undefined property: stdClass::$directory_is_enabled in C:\xampp\htdocs\link\themes\altum\views\partials\menu.php on line 30
[23-May-2022 12:15:30 UTC] PHP Warning:  Attempt to read property "is_enabled" on string in C:\xampp\htdocs\link\themes\altum\views\partials\menu.php on line 34
[23-May-2022 12:15:30 UTC] PHP Warning:  Undefined property: stdClass::$contact in C:\xampp\htdocs\link\themes\altum\views\partials\footer.php on line 55
[23-May-2022 12:15:30 UTC] PHP Warning:  Undefined property: stdClass::$is_enabled in C:\xampp\htdocs\link\themes\altum\views\partials\footer.php on line 59
[23-May-2022 12:15:30 UTC] PHP Warning:  Undefined property: stdClass::$guests_content in C:\xampp\htdocs\link\themes\altum\views\partials\announcements.php on line 4
[23-May-2022 12:15:30 UTC] PHP Warning:  Undefined property: stdClass::$users_content in C:\xampp\htdocs\link\themes\altum\views\partials\announcements.php on line 4
[23-May-2022 12:15:30 UTC] PHP Warning:  Undefined property: stdClass::$is_enabled in C:\xampp\htdocs\link\themes\altum\views\partials\cookie_consent.php on line 3
[23-May-2022 12:15:32 UTC] PHP Warning:  Undefined property: stdClass::$auto_language_detection_is_enabled in C:\xampp\htdocs\link\app\core\App.php on line 172
[23-May-2022 12:15:32 UTC] PHP Warning:  Undefined property: stdClass::$auto_language_detection_is_enabled in C:\xampp\htdocs\link\app\core\App.php on line 172
[23-May-2022 12:15:32 UTC] PHP Warning:  Undefined property: stdClass::$default_order_type in C:\xampp\htdocs\link\app\controllers\Dashboard.php on line 23
[23-May-2022 12:15:32 UTC] PHP Warning:  Undefined property: stdClass::$default_results_per_page in C:\xampp\htdocs\link\app\controllers\Dashboard.php on line 24
[23-May-2022 12:15:32 UTC] PHP Warning:  Undefined property: stdClass::$directory_is_enabled in C:\xampp\htdocs\link\themes\altum\views\partials\menu.php on line 30
[23-May-2022 12:15:32 UTC] PHP Warning:  Attempt to read property "is_enabled" on string in C:\xampp\htdocs\link\themes\altum\views\partials\menu.php on line 34
[23-May-2022 12:15:32 UTC] PHP Warning:  Attempt to read property "is_enabled" on string in C:\xampp\htdocs\link\themes\altum\views\partials\menu.php on line 59
[23-May-2022 12:15:32 UTC] PHP Warning:  Undefined property: stdClass::$contact in C:\xampp\htdocs\link\themes\altum\views\partials\footer.php on line 55
[23-May-2022 12:15:32 UTC] PHP Warning:  Undefined property: stdClass::$is_enabled in C:\xampp\htdocs\link\themes\altum\views\partials\footer.php on line 59
[23-May-2022 12:15:32 UTC] PHP Warning:  Undefined property: stdClass::$guests_content in C:\xampp\htdocs\link\themes\altum\views\partials\announcements.php on line 4
[23-May-2022 12:15:32 UTC] PHP Warning:  Undefined property: stdClass::$users_content in C:\xampp\htdocs\link\themes\altum\views\partials\announcements.php on line 4
[23-May-2022 12:15:32 UTC] PHP Warning:  Undefined property: stdClass::$is_enabled in C:\xampp\htdocs\link\themes\altum\views\partials\cookie_consent.php on line 3
[23-May-2022 12:15:51 UTC] PHP Warning:  Undefined property: stdClass::$auto_language_detection_is_enabled in C:\xampp\htdocs\link\app\core\App.php on line 172
[23-May-2022 12:15:56 UTC] PHP Warning:  Undefined property: stdClass::$auto_language_detection_is_enabled in C:\xampp\htdocs\link\app\core\App.php on line 172
[23-May-2022 12:15:56 UTC] PHP Warning:  Undefined property: stdClass::$qr_codes_limit in C:\xampp\htdocs\link\themes\altum\views\admin\user-update\index.php on line 105
[23-May-2022 12:15:56 UTC] PHP Warning:  Undefined property: stdClass::$custom_css_is_enabled in C:\xampp\htdocs\link\themes\altum\views\admin\user-update\index.php on line 270
[23-May-2022 12:15:56 UTC] PHP Warning:  Undefined property: stdClass::$custom_js_is_enabled in C:\xampp\htdocs\link\themes\altum\views\admin\user-update\index.php on line 276
[23-May-2022 12:15:56 UTC] PHP Warning:  Undefined property: stdClass::$paypal in C:\xampp\htdocs\link\themes\altum\views\admin\user-update\index.php on line 296
[23-May-2022 12:15:56 UTC] PHP Warning:  Undefined property: stdClass::$phone_collector in C:\xampp\htdocs\link\themes\altum\views\admin\user-update\index.php on line 296
[23-May-2022 12:16:17 UTC] PHP Warning:  Undefined property: stdClass::$auto_language_detection_is_enabled in C:\xampp\htdocs\link\app\core\App.php on line 172
[23-May-2022 12:16:17 UTC] PHP Warning:  Undefined array key "payment_processors_limit" in C:\xampp\htdocs\link\app\controllers\admin\AdminUserUpdate.php on line 88
[23-May-2022 12:16:17 UTC] PHP Warning:  Undefined array key "teams_limit" in C:\xampp\htdocs\link\app\controllers\admin\AdminUserUpdate.php on line 89
[23-May-2022 12:16:17 UTC] PHP Warning:  Undefined array key "team_members_limit" in C:\xampp\htdocs\link\app\controllers\admin\AdminUserUpdate.php on line 90
[23-May-2022 12:16:17 UTC] PHP Warning:  Undefined property: stdClass::$auto_language_detection_is_enabled in C:\xampp\htdocs\link\app\core\App.php on line 172
[23-May-2022 12:16:20 UTC] PHP Warning:  Undefined property: stdClass::$auto_language_detection_is_enabled in C:\xampp\htdocs\link\app\core\App.php on line 172
[23-May-2022 12:16:21 UTC] PHP Warning:  Undefined property: stdClass::$auto_language_detection_is_enabled in C:\xampp\htdocs\link\app\core\App.php on line 172
[23-May-2022 12:16:25 UTC] PHP Warning:  Undefined property: stdClass::$auto_language_detection_is_enabled in C:\xampp\htdocs\link\app\core\App.php on line 172
[23-May-2022 12:16:25 UTC] PHP Warning:  Undefined property: stdClass::$auto_language_detection_is_enabled in C:\xampp\htdocs\link\app\core\App.php on line 172
[23-May-2022 12:16:25 UTC] PHP Warning:  Undefined property: stdClass::$default_results_per_page in C:\xampp\htdocs\link\themes\altum\views\admin\settings\partials\main.php on line 119
[23-May-2022 12:16:25 UTC] PHP Warning:  Undefined property: stdClass::$default_results_per_page in C:\xampp\htdocs\link\themes\altum\views\admin\settings\partials\main.php on line 119
[23-May-2022 12:16:25 UTC] PHP Warning:  Undefined property: stdClass::$default_results_per_page in C:\xampp\htdocs\link\themes\altum\views\admin\settings\partials\main.php on line 119
[23-May-2022 12:16:25 UTC] PHP Warning:  Undefined property: stdClass::$default_results_per_page in C:\xampp\htdocs\link\themes\altum\views\admin\settings\partials\main.php on line 119
[23-May-2022 12:16:25 UTC] PHP Warning:  Undefined property: stdClass::$default_results_per_page in C:\xampp\htdocs\link\themes\altum\views\admin\settings\partials\main.php on line 119
[23-May-2022 12:16:25 UTC] PHP Warning:  Undefined property: stdClass::$default_results_per_page in C:\xampp\htdocs\link\themes\altum\views\admin\settings\partials\main.php on line 119
[23-May-2022 12:16:25 UTC] PHP Warning:  Undefined property: stdClass::$default_order_type in C:\xampp\htdocs\link\themes\altum\views\admin\settings\partials\main.php on line 127
[23-May-2022 12:16:25 UTC] PHP Warning:  Undefined property: stdClass::$default_order_type in C:\xampp\htdocs\link\themes\altum\views\admin\settings\partials\main.php on line 128
[23-May-2022 12:16:25 UTC] PHP Warning:  Undefined property: stdClass::$auto_language_detection_is_enabled in C:\xampp\htdocs\link\themes\altum\views\admin\settings\partials\main.php on line 135
[23-May-2022 12:16:25 UTC] PHP Warning:  Undefined property: stdClass::$auto_language_detection_is_enabled in C:\xampp\htdocs\link\themes\altum\views\admin\settings\partials\main.php on line 136
[23-May-2022 12:16:33 UTC] PHP Warning:  Undefined property: stdClass::$auto_language_detection_is_enabled in C:\xampp\htdocs\link\app\core\App.php on line 172
[23-May-2022 12:16:33 UTC] PHP Warning:  Undefined property: stdClass::$default_results_per_page in C:\xampp\htdocs\link\themes\altum\views\admin\settings\partials\main.php on line 119
[23-May-2022 12:16:33 UTC] PHP Warning:  Undefined property: stdClass::$default_results_per_page in C:\xampp\htdocs\link\themes\altum\views\admin\settings\partials\main.php on line 119
[23-May-2022 12:16:33 UTC] PHP Warning:  Undefined property: stdClass::$default_results_per_page in C:\xampp\htdocs\link\themes\altum\views\admin\settings\partials\main.php on line 119
[23-May-2022 12:16:33 UTC] PHP Warning:  Undefined property: stdClass::$default_results_per_page in C:\xampp\htdocs\link\themes\altum\views\admin\settings\partials\main.php on line 119
[23-May-2022 12:16:33 UTC] PHP Warning:  Undefined property: stdClass::$default_results_per_page in C:\xampp\htdocs\link\themes\altum\views\admin\settings\partials\main.php on line 119
[23-May-2022 12:16:33 UTC] PHP Warning:  Undefined property: stdClass::$default_results_per_page in C:\xampp\htdocs\link\themes\altum\views\admin\settings\partials\main.php on line 119
[23-May-2022 12:16:33 UTC] PHP Warning:  Undefined property: stdClass::$default_order_type in C:\xampp\htdocs\link\themes\altum\views\admin\settings\partials\main.php on line 127
[23-May-2022 12:16:33 UTC] PHP Warning:  Undefined property: stdClass::$default_order_type in C:\xampp\htdocs\link\themes\altum\views\admin\settings\partials\main.php on line 128
[23-May-2022 12:16:33 UTC] PHP Warning:  Undefined property: stdClass::$auto_language_detection_is_enabled in C:\xampp\htdocs\link\themes\altum\views\admin\settings\partials\main.php on line 135
[23-May-2022 12:16:33 UTC] PHP Warning:  Undefined property: stdClass::$auto_language_detection_is_enabled in C:\xampp\htdocs\link\themes\altum\views\admin\settings\partials\main.php on line 136
[23-May-2022 12:16:36 UTC] PHP Warning:  Undefined property: stdClass::$color in C:\xampp\htdocs\link\themes\altum\views\partials\plans.php on line 56
[23-May-2022 12:16:36 UTC] PHP Warning:  Undefined property: stdClass::$price in C:\xampp\htdocs\link\themes\altum\views\partials\plans.php on line 61
[23-May-2022 12:16:36 UTC] PHP Warning:  Undefined property: stdClass::$description in C:\xampp\htdocs\link\themes\altum\views\partials\plans.php on line 64
[23-May-2022 12:16:36 UTC] PHP Warning:  Undefined property: stdClass::$biolink_blocks_limit in C:\xampp\htdocs\link\themes\altum\views\partials\plans_plan_content.php on line 9
[23-May-2022 12:16:36 UTC] PHP Warning:  Undefined property: stdClass::$biolink_blocks_limit in C:\xampp\htdocs\link\themes\altum\views\partials\plans_plan_content.php on line 9
[23-May-2022 12:16:36 UTC] PHP Warning:  Undefined property: stdClass::$qr_codes_limit in C:\xampp\htdocs\link\themes\altum\views\partials\plans_plan_content.php on line 27
[23-May-2022 12:16:36 UTC] PHP Warning:  Undefined property: stdClass::$qr_codes_limit in C:\xampp\htdocs\link\themes\altum\views\partials\plans_plan_content.php on line 27
[23-May-2022 12:16:36 UTC] PHP Warning:  Undefined property: stdClass::$track_links_retention in C:\xampp\htdocs\link\themes\altum\views\partials\plans_plan_content.php on line 72
[23-May-2022 12:16:36 UTC] PHP Warning:  Undefined property: stdClass::$track_links_retention in C:\xampp\htdocs\link\themes\altum\views\partials\plans_plan_content.php on line 72
[23-May-2022 12:16:36 UTC] PHP Warning:  Undefined property: stdClass::$dofollow_is_enabled in C:\xampp\htdocs\link\themes\altum\views\partials\plans_plan_content.php on line 77
[23-May-2022 12:16:36 UTC] PHP Warning:  Undefined property: stdClass::$dofollow_is_enabled in C:\xampp\htdocs\link\themes\altum\views\partials\plans_plan_content.php on line 81
[23-May-2022 12:16:36 UTC] PHP Warning:  Undefined property: stdClass::$custom_css_is_enabled in C:\xampp\htdocs\link\themes\altum\views\partials\plans_plan_content.php on line 77
[23-May-2022 12:16:36 UTC] PHP Warning:  Undefined property: stdClass::$custom_css_is_enabled in C:\xampp\htdocs\link\themes\altum\views\partials\plans_plan_content.php on line 81
[23-May-2022 12:16:36 UTC] PHP Warning:  Undefined property: stdClass::$custom_js_is_enabled in C:\xampp\htdocs\link\themes\altum\views\partials\plans_plan_content.php on line 77
[23-May-2022 12:16:36 UTC] PHP Warning:  Undefined property: stdClass::$custom_js_is_enabled in C:\xampp\htdocs\link\themes\altum\views\partials\plans_plan_content.php on line 81
[23-May-2022 12:16:36 UTC] PHP Warning:  Undefined property: stdClass::$directory_is_enabled in C:\xampp\htdocs\link\themes\altum\views\partials\index_menu.php on line 30
[23-May-2022 12:16:36 UTC] PHP Warning:  Attempt to read property "is_enabled" on string in C:\xampp\htdocs\link\themes\altum\views\partials\index_menu.php on line 54
[23-May-2022 12:16:36 UTC] PHP Warning:  Undefined property: stdClass::$directory_is_enabled in C:\xampp\htdocs\link\themes\altum\views\partials\menu.php on line 30
[23-May-2022 12:16:36 UTC] PHP Warning:  Attempt to read property "is_enabled" on string in C:\xampp\htdocs\link\themes\altum\views\partials\menu.php on line 34
[23-May-2022 12:16:36 UTC] PHP Warning:  Attempt to read property "is_enabled" on string in C:\xampp\htdocs\link\themes\altum\views\partials\menu.php on line 59
[23-May-2022 12:16:36 UTC] PHP Warning:  Undefined property: stdClass::$contact in C:\xampp\htdocs\link\themes\altum\views\partials\footer.php on line 55
[23-May-2022 12:16:36 UTC] PHP Warning:  Undefined property: stdClass::$is_enabled in C:\xampp\htdocs\link\themes\altum\views\partials\footer.php on line 59
[23-May-2022 12:16:36 UTC] PHP Warning:  Undefined property: stdClass::$guests_content in C:\xampp\htdocs\link\themes\altum\views\partials\announcements.php on line 4
[23-May-2022 12:16:36 UTC] PHP Warning:  Undefined property: stdClass::$users_content in C:\xampp\htdocs\link\themes\altum\views\partials\announcements.php on line 4
[23-May-2022 12:16:36 UTC] PHP Warning:  Undefined property: stdClass::$is_enabled in C:\xampp\htdocs\link\themes\altum\views\partials\cookie_consent.php on line 3
[23-May-2022 12:19:06 UTC] PHP Warning:  Undefined property: stdClass::$color in C:\xampp\htdocs\link\themes\altum\views\partials\plans.php on line 56
[23-May-2022 12:19:06 UTC] PHP Warning:  Undefined property: stdClass::$price in C:\xampp\htdocs\link\themes\altum\views\partials\plans.php on line 61
[23-May-2022 12:19:06 UTC] PHP Warning:  Undefined property: stdClass::$description in C:\xampp\htdocs\link\themes\altum\views\partials\plans.php on line 64
[23-May-2022 12:19:06 UTC] PHP Warning:  Undefined property: stdClass::$biolink_blocks_limit in C:\xampp\htdocs\link\themes\altum\views\partials\plans_plan_content.php on line 9
[23-May-2022 12:19:06 UTC] PHP Warning:  Undefined property: stdClass::$biolink_blocks_limit in C:\xampp\htdocs\link\themes\altum\views\partials\plans_plan_content.php on line 9
[23-May-2022 12:19:06 UTC] PHP Warning:  Undefined property: stdClass::$qr_codes_limit in C:\xampp\htdocs\link\themes\altum\views\partials\plans_plan_content.php on line 27
[23-May-2022 12:19:06 UTC] PHP Warning:  Undefined property: stdClass::$qr_codes_limit in C:\xampp\htdocs\link\themes\altum\views\partials\plans_plan_content.php on line 27
[23-May-2022 12:19:06 UTC] PHP Warning:  Undefined property: stdClass::$track_links_retention in C:\xampp\htdocs\link\themes\altum\views\partials\plans_plan_content.php on line 72
[23-May-2022 12:19:06 UTC] PHP Warning:  Undefined property: stdClass::$track_links_retention in C:\xampp\htdocs\link\themes\altum\views\partials\plans_plan_content.php on line 72
[23-May-2022 12:19:06 UTC] PHP Warning:  Undefined property: stdClass::$dofollow_is_enabled in C:\xampp\htdocs\link\themes\altum\views\partials\plans_plan_content.php on line 77
[23-May-2022 12:19:06 UTC] PHP Warning:  Undefined property: stdClass::$dofollow_is_enabled in C:\xampp\htdocs\link\themes\altum\views\partials\plans_plan_content.php on line 81
[23-May-2022 12:19:06 UTC] PHP Warning:  Undefined property: stdClass::$custom_css_is_enabled in C:\xampp\htdocs\link\themes\altum\views\partials\plans_plan_content.php on line 77
[23-May-2022 12:19:06 UTC] PHP Warning:  Undefined property: stdClass::$custom_css_is_enabled in C:\xampp\htdocs\link\themes\altum\views\partials\plans_plan_content.php on line 81
[23-May-2022 12:19:06 UTC] PHP Warning:  Undefined property: stdClass::$custom_js_is_enabled in C:\xampp\htdocs\link\themes\altum\views\partials\plans_plan_content.php on line 77
[23-May-2022 12:19:06 UTC] PHP Warning:  Undefined property: stdClass::$custom_js_is_enabled in C:\xampp\htdocs\link\themes\altum\views\partials\plans_plan_content.php on line 81
[23-May-2022 12:19:06 UTC] PHP Warning:  Undefined property: stdClass::$directory_is_enabled in C:\xampp\htdocs\link\themes\altum\views\partials\index_menu.php on line 30
[23-May-2022 12:19:06 UTC] PHP Warning:  Attempt to read property "is_enabled" on string in C:\xampp\htdocs\link\themes\altum\views\partials\index_menu.php on line 54
[23-May-2022 12:19:06 UTC] PHP Warning:  Undefined property: stdClass::$directory_is_enabled in C:\xampp\htdocs\link\themes\altum\views\partials\menu.php on line 30
[23-May-2022 12:19:06 UTC] PHP Warning:  Attempt to read property "is_enabled" on string in C:\xampp\htdocs\link\themes\altum\views\partials\menu.php on line 34
[23-May-2022 12:19:06 UTC] PHP Warning:  Attempt to read property "is_enabled" on string in C:\xampp\htdocs\link\themes\altum\views\partials\menu.php on line 59
[23-May-2022 12:19:06 UTC] PHP Warning:  Undefined property: stdClass::$contact in C:\xampp\htdocs\link\themes\altum\views\partials\footer.php on line 55
[23-May-2022 12:19:06 UTC] PHP Warning:  Undefined property: stdClass::$is_enabled in C:\xampp\htdocs\link\themes\altum\views\partials\footer.php on line 59
[23-May-2022 12:19:06 UTC] PHP Warning:  Undefined property: stdClass::$guests_content in C:\xampp\htdocs\link\themes\altum\views\partials\announcements.php on line 4
[23-May-2022 12:19:06 UTC] PHP Warning:  Undefined property: stdClass::$users_content in C:\xampp\htdocs\link\themes\altum\views\partials\announcements.php on line 4
[23-May-2022 12:19:06 UTC] PHP Warning:  Undefined property: stdClass::$is_enabled in C:\xampp\htdocs\link\themes\altum\views\partials\cookie_consent.php on line 3
[23-May-2022 12:19:24 UTC] PHP Warning:  Undefined property: stdClass::$color in C:\xampp\htdocs\zlink\themes\altum\views\partials\plans.php on line 56
[23-May-2022 12:19:24 UTC] PHP Warning:  Undefined property: stdClass::$price in C:\xampp\htdocs\zlink\themes\altum\views\partials\plans.php on line 61
[23-May-2022 12:19:24 UTC] PHP Warning:  Undefined property: stdClass::$description in C:\xampp\htdocs\zlink\themes\altum\views\partials\plans.php on line 64
[23-May-2022 12:19:24 UTC] PHP Warning:  Undefined property: stdClass::$biolink_blocks_limit in C:\xampp\htdocs\zlink\themes\altum\views\partials\plans_plan_content.php on line 9
[23-May-2022 12:19:24 UTC] PHP Warning:  Undefined property: stdClass::$biolink_blocks_limit in C:\xampp\htdocs\zlink\themes\altum\views\partials\plans_plan_content.php on line 9
[23-May-2022 12:19:24 UTC] PHP Warning:  Undefined property: stdClass::$qr_codes_limit in C:\xampp\htdocs\zlink\themes\altum\views\partials\plans_plan_content.php on line 27
[23-May-2022 12:19:24 UTC] PHP Warning:  Undefined property: stdClass::$qr_codes_limit in C:\xampp\htdocs\zlink\themes\altum\views\partials\plans_plan_content.php on line 27
[23-May-2022 12:19:24 UTC] PHP Warning:  Undefined property: stdClass::$track_links_retention in C:\xampp\htdocs\zlink\themes\altum\views\partials\plans_plan_content.php on line 72
[23-May-2022 12:19:24 UTC] PHP Warning:  Undefined property: stdClass::$track_links_retention in C:\xampp\htdocs\zlink\themes\altum\views\partials\plans_plan_content.php on line 72
[23-May-2022 12:19:24 UTC] PHP Warning:  Undefined property: stdClass::$dofollow_is_enabled in C:\xampp\htdocs\zlink\themes\altum\views\partials\plans_plan_content.php on line 77
[23-May-2022 12:19:24 UTC] PHP Warning:  Undefined property: stdClass::$dofollow_is_enabled in C:\xampp\htdocs\zlink\themes\altum\views\partials\plans_plan_content.php on line 81
[23-May-2022 12:19:24 UTC] PHP Warning:  Undefined property: stdClass::$custom_css_is_enabled in C:\xampp\htdocs\zlink\themes\altum\views\partials\plans_plan_content.php on line 77
[23-May-2022 12:19:24 UTC] PHP Warning:  Undefined property: stdClass::$custom_css_is_enabled in C:\xampp\htdocs\zlink\themes\altum\views\partials\plans_plan_content.php on line 81
[23-May-2022 12:19:24 UTC] PHP Warning:  Undefined property: stdClass::$custom_js_is_enabled in C:\xampp\htdocs\zlink\themes\altum\views\partials\plans_plan_content.php on line 77
[23-May-2022 12:19:24 UTC] PHP Warning:  Undefined property: stdClass::$custom_js_is_enabled in C:\xampp\htdocs\zlink\themes\altum\views\partials\plans_plan_content.php on line 81
[23-May-2022 12:19:24 UTC] PHP Warning:  Undefined property: stdClass::$directory_is_enabled in C:\xampp\htdocs\zlink\themes\altum\views\partials\index_menu.php on line 30
[23-May-2022 12:19:24 UTC] PHP Warning:  Undefined property: stdClass::$directory_is_enabled in C:\xampp\htdocs\zlink\themes\altum\views\partials\menu.php on line 30
[23-May-2022 12:19:24 UTC] PHP Warning:  Attempt to read property "is_enabled" on string in C:\xampp\htdocs\zlink\themes\altum\views\partials\menu.php on line 34
[23-May-2022 12:19:24 UTC] PHP Warning:  Undefined property: stdClass::$contact in C:\xampp\htdocs\zlink\themes\altum\views\partials\footer.php on line 55
[23-May-2022 12:19:24 UTC] PHP Warning:  Undefined property: stdClass::$is_enabled in C:\xampp\htdocs\zlink\themes\altum\views\partials\footer.php on line 59
[23-May-2022 12:19:24 UTC] PHP Warning:  Undefined property: stdClass::$guests_content in C:\xampp\htdocs\zlink\themes\altum\views\partials\announcements.php on line 4
[23-May-2022 12:19:24 UTC] PHP Warning:  Undefined property: stdClass::$users_content in C:\xampp\htdocs\zlink\themes\altum\views\partials\announcements.php on line 4
[23-May-2022 12:19:24 UTC] PHP Warning:  Undefined property: stdClass::$is_enabled in C:\xampp\htdocs\zlink\themes\altum\views\partials\cookie_consent.php on line 3
[23-May-2022 12:20:06 UTC] PHP Warning:  Undefined property: stdClass::$color in C:\xampp\htdocs\zlink\themes\altum\views\partials\plans.php on line 56
[23-May-2022 12:20:06 UTC] PHP Warning:  Undefined property: stdClass::$price in C:\xampp\htdocs\zlink\themes\altum\views\partials\plans.php on line 61
[23-May-2022 12:20:06 UTC] PHP Warning:  Undefined property: stdClass::$description in C:\xampp\htdocs\zlink\themes\altum\views\partials\plans.php on line 64
[23-May-2022 12:20:06 UTC] PHP Warning:  Undefined property: stdClass::$biolink_blocks_limit in C:\xampp\htdocs\zlink\themes\altum\views\partials\plans_plan_content.php on line 9
[23-May-2022 12:20:06 UTC] PHP Warning:  Undefined property: stdClass::$biolink_blocks_limit in C:\xampp\htdocs\zlink\themes\altum\views\partials\plans_plan_content.php on line 9
[23-May-2022 12:20:06 UTC] PHP Warning:  Undefined property: stdClass::$qr_codes_limit in C:\xampp\htdocs\zlink\themes\altum\views\partials\plans_plan_content.php on line 27
[23-May-2022 12:20:06 UTC] PHP Warning:  Undefined property: stdClass::$qr_codes_limit in C:\xampp\htdocs\zlink\themes\altum\views\partials\plans_plan_content.php on line 27
[23-May-2022 12:20:06 UTC] PHP Warning:  Undefined property: stdClass::$track_links_retention in C:\xampp\htdocs\zlink\themes\altum\views\partials\plans_plan_content.php on line 72
[23-May-2022 12:20:06 UTC] PHP Warning:  Undefined property: stdClass::$track_links_retention in C:\xampp\htdocs\zlink\themes\altum\views\partials\plans_plan_content.php on line 72
[23-May-2022 12:20:06 UTC] PHP Warning:  Undefined property: stdClass::$dofollow_is_enabled in C:\xampp\htdocs\zlink\themes\altum\views\partials\plans_plan_content.php on line 77
[23-May-2022 12:20:06 UTC] PHP Warning:  Undefined property: stdClass::$dofollow_is_enabled in C:\xampp\htdocs\zlink\themes\altum\views\partials\plans_plan_content.php on line 81
[23-May-2022 12:20:06 UTC] PHP Warning:  Undefined property: stdClass::$custom_css_is_enabled in C:\xampp\htdocs\zlink\themes\altum\views\partials\plans_plan_content.php on line 77
[23-May-2022 12:20:06 UTC] PHP Warning:  Undefined property: stdClass::$custom_css_is_enabled in C:\xampp\htdocs\zlink\themes\altum\views\partials\plans_plan_content.php on line 81
[23-May-2022 12:20:06 UTC] PHP Warning:  Undefined property: stdClass::$custom_js_is_enabled in C:\xampp\htdocs\zlink\themes\altum\views\partials\plans_plan_content.php on line 77
[23-May-2022 12:20:06 UTC] PHP Warning:  Undefined property: stdClass::$custom_js_is_enabled in C:\xampp\htdocs\zlink\themes\altum\views\partials\plans_plan_content.php on line 81
[23-May-2022 12:20:06 UTC] PHP Warning:  Undefined property: stdClass::$directory_is_enabled in C:\xampp\htdocs\zlink\themes\altum\views\partials\index_menu.php on line 30
[23-May-2022 12:20:06 UTC] PHP Warning:  Undefined property: stdClass::$directory_is_enabled in C:\xampp\htdocs\zlink\themes\altum\views\partials\menu.php on line 30
[23-May-2022 12:20:06 UTC] PHP Warning:  Attempt to read property "is_enabled" on string in C:\xampp\htdocs\zlink\themes\altum\views\partials\menu.php on line 34
[23-May-2022 12:20:06 UTC] PHP Warning:  Undefined property: stdClass::$contact in C:\xampp\htdocs\zlink\themes\altum\views\partials\footer.php on line 55
[23-May-2022 12:20:06 UTC] PHP Warning:  Undefined property: stdClass::$is_enabled in C:\xampp\htdocs\zlink\themes\altum\views\partials\footer.php on line 59
[23-May-2022 12:20:06 UTC] PHP Warning:  Undefined property: stdClass::$guests_content in C:\xampp\htdocs\zlink\themes\altum\views\partials\announcements.php on line 4
[23-May-2022 12:20:06 UTC] PHP Warning:  Undefined property: stdClass::$users_content in C:\xampp\htdocs\zlink\themes\altum\views\partials\announcements.php on line 4
[23-May-2022 12:20:06 UTC] PHP Warning:  Undefined property: stdClass::$is_enabled in C:\xampp\htdocs\zlink\themes\altum\views\partials\cookie_consent.php on line 3
[23-May-2022 12:20:07 UTC] PHP Warning:  Undefined property: stdClass::$color in C:\xampp\htdocs\zlink\themes\altum\views\partials\plans.php on line 56
[23-May-2022 12:20:07 UTC] PHP Warning:  Undefined property: stdClass::$price in C:\xampp\htdocs\zlink\themes\altum\views\partials\plans.php on line 61
[23-May-2022 12:20:07 UTC] PHP Warning:  Undefined property: stdClass::$description in C:\xampp\htdocs\zlink\themes\altum\views\partials\plans.php on line 64
[23-May-2022 12:20:07 UTC] PHP Warning:  Undefined property: stdClass::$biolink_blocks_limit in C:\xampp\htdocs\zlink\themes\altum\views\partials\plans_plan_content.php on line 9
[23-May-2022 12:20:07 UTC] PHP Warning:  Undefined property: stdClass::$biolink_blocks_limit in C:\xampp\htdocs\zlink\themes\altum\views\partials\plans_plan_content.php on line 9
[23-May-2022 12:20:07 UTC] PHP Warning:  Undefined property: stdClass::$qr_codes_limit in C:\xampp\htdocs\zlink\themes\altum\views\partials\plans_plan_content.php on line 27
[23-May-2022 12:20:07 UTC] PHP Warning:  Undefined property: stdClass::$qr_codes_limit in C:\xampp\htdocs\zlink\themes\altum\views\partials\plans_plan_content.php on line 27
[23-May-2022 12:20:07 UTC] PHP Warning:  Undefined property: stdClass::$track_links_retention in C:\xampp\htdocs\zlink\themes\altum\views\partials\plans_plan_content.php on line 72
[23-May-2022 12:20:07 UTC] PHP Warning:  Undefined property: stdClass::$track_links_retention in C:\xampp\htdocs\zlink\themes\altum\views\partials\plans_plan_content.php on line 72
[23-May-2022 12:20:07 UTC] PHP Warning:  Undefined property: stdClass::$dofollow_is_enabled in C:\xampp\htdocs\zlink\themes\altum\views\partials\plans_plan_content.php on line 77
[23-May-2022 12:20:07 UTC] PHP Warning:  Undefined property: stdClass::$dofollow_is_enabled in C:\xampp\htdocs\zlink\themes\altum\views\partials\plans_plan_content.php on line 81
[23-May-2022 12:20:07 UTC] PHP Warning:  Undefined property: stdClass::$custom_css_is_enabled in C:\xampp\htdocs\zlink\themes\altum\views\partials\plans_plan_content.php on line 77
[23-May-2022 12:20:07 UTC] PHP Warning:  Undefined property: stdClass::$custom_css_is_enabled in C:\xampp\htdocs\zlink\themes\altum\views\partials\plans_plan_content.php on line 81
[23-May-2022 12:20:07 UTC] PHP Warning:  Undefined property: stdClass::$custom_js_is_enabled in C:\xampp\htdocs\zlink\themes\altum\views\partials\plans_plan_content.php on line 77
[23-May-2022 12:20:07 UTC] PHP Warning:  Undefined property: stdClass::$custom_js_is_enabled in C:\xampp\htdocs\zlink\themes\altum\views\partials\plans_plan_content.php on line 81
[23-May-2022 12:20:07 UTC] PHP Warning:  Undefined property: stdClass::$directory_is_enabled in C:\xampp\htdocs\zlink\themes\altum\views\partials\index_menu.php on line 30
[23-May-2022 12:20:07 UTC] PHP Warning:  Undefined property: stdClass::$directory_is_enabled in C:\xampp\htdocs\zlink\themes\altum\views\partials\menu.php on line 30
[23-May-2022 12:20:07 UTC] PHP Warning:  Attempt to read property "is_enabled" on string in C:\xampp\htdocs\zlink\themes\altum\views\partials\menu.php on line 34
[23-May-2022 12:20:07 UTC] PHP Warning:  Undefined property: stdClass::$contact in C:\xampp\htdocs\zlink\themes\altum\views\partials\footer.php on line 55
[23-May-2022 12:20:07 UTC] PHP Warning:  Undefined property: stdClass::$is_enabled in C:\xampp\htdocs\zlink\themes\altum\views\partials\footer.php on line 59
[23-May-2022 12:20:07 UTC] PHP Warning:  Undefined property: stdClass::$guests_content in C:\xampp\htdocs\zlink\themes\altum\views\partials\announcements.php on line 4
[23-May-2022 12:20:07 UTC] PHP Warning:  Undefined property: stdClass::$users_content in C:\xampp\htdocs\zlink\themes\altum\views\partials\announcements.php on line 4
[23-May-2022 12:20:07 UTC] PHP Warning:  Undefined property: stdClass::$is_enabled in C:\xampp\htdocs\zlink\themes\altum\views\partials\cookie_consent.php on line 3
[23-May-2022 12:20:09 UTC] PHP Warning:  Undefined property: stdClass::$directory_is_enabled in C:\xampp\htdocs\zlink\themes\altum\views\partials\menu.php on line 30
[23-May-2022 12:20:09 UTC] PHP Warning:  Attempt to read property "is_enabled" on string in C:\xampp\htdocs\zlink\themes\altum\views\partials\menu.php on line 34
[23-May-2022 12:20:09 UTC] PHP Warning:  Undefined property: stdClass::$contact in C:\xampp\htdocs\zlink\themes\altum\views\partials\footer.php on line 55
[23-May-2022 12:20:09 UTC] PHP Warning:  Undefined property: stdClass::$is_enabled in C:\xampp\htdocs\zlink\themes\altum\views\partials\footer.php on line 59
[23-May-2022 12:20:09 UTC] PHP Warning:  Undefined property: stdClass::$guests_content in C:\xampp\htdocs\zlink\themes\altum\views\partials\announcements.php on line 4
[23-May-2022 12:20:09 UTC] PHP Warning:  Undefined property: stdClass::$users_content in C:\xampp\htdocs\zlink\themes\altum\views\partials\announcements.php on line 4
[23-May-2022 12:20:09 UTC] PHP Warning:  Undefined property: stdClass::$is_enabled in C:\xampp\htdocs\zlink\themes\altum\views\partials\cookie_consent.php on line 3
[23-May-2022 12:20:11 UTC] PHP Warning:  Undefined property: stdClass::$directory_is_enabled in C:\xampp\htdocs\zlink\themes\altum\views\partials\menu.php on line 30
[23-May-2022 12:20:11 UTC] PHP Warning:  Attempt to read property "is_enabled" on string in C:\xampp\htdocs\zlink\themes\altum\views\partials\menu.php on line 34
[23-May-2022 12:20:11 UTC] PHP Warning:  Undefined property: stdClass::$contact in C:\xampp\htdocs\zlink\themes\altum\views\partials\footer.php on line 55
[23-May-2022 12:20:11 UTC] PHP Warning:  Undefined property: stdClass::$is_enabled in C:\xampp\htdocs\zlink\themes\altum\views\partials\footer.php on line 59
[23-May-2022 12:20:11 UTC] PHP Warning:  Undefined property: stdClass::$guests_content in C:\xampp\htdocs\zlink\themes\altum\views\partials\announcements.php on line 4
[23-May-2022 12:20:11 UTC] PHP Warning:  Undefined property: stdClass::$users_content in C:\xampp\htdocs\zlink\themes\altum\views\partials\announcements.php on line 4
[23-May-2022 12:20:11 UTC] PHP Warning:  Undefined property: stdClass::$is_enabled in C:\xampp\htdocs\zlink\themes\altum\views\partials\cookie_consent.php on line 3
[23-May-2022 12:20:15 UTC] PHP Warning:  Undefined property: stdClass::$directory_is_enabled in C:\xampp\htdocs\zlink\themes\altum\views\partials\menu.php on line 30
[23-May-2022 12:20:15 UTC] PHP Warning:  Attempt to read property "is_enabled" on string in C:\xampp\htdocs\zlink\themes\altum\views\partials\menu.php on line 34
[23-May-2022 12:20:15 UTC] PHP Warning:  Attempt to read property "is_enabled" on string in C:\xampp\htdocs\zlink\themes\altum\views\partials\menu.php on line 59
[23-May-2022 12:20:15 UTC] PHP Warning:  Undefined property: stdClass::$contact in C:\xampp\htdocs\zlink\themes\altum\views\partials\footer.php on line 55
[23-May-2022 12:20:15 UTC] PHP Warning:  Undefined property: stdClass::$is_enabled in C:\xampp\htdocs\zlink\themes\altum\views\partials\footer.php on line 59
[23-May-2022 12:20:15 UTC] PHP Warning:  Undefined property: stdClass::$guests_content in C:\xampp\htdocs\zlink\themes\altum\views\partials\announcements.php on line 4
[23-May-2022 12:20:15 UTC] PHP Warning:  Undefined property: stdClass::$users_content in C:\xampp\htdocs\zlink\themes\altum\views\partials\announcements.php on line 4
[23-May-2022 12:20:15 UTC] PHP Warning:  Undefined property: stdClass::$is_enabled in C:\xampp\htdocs\zlink\themes\altum\views\partials\cookie_consent.php on line 3
[23-May-2022 12:21:55 UTC] PHP Warning:  Undefined property: stdClass::$tiktok in C:\xampp\htdocs\zlink\themes\altum\views\admin\settings\partials\socials.php on line 14
[23-May-2022 12:21:55 UTC] PHP Warning:  Undefined property: stdClass::$linkedin in C:\xampp\htdocs\zlink\themes\altum\views\admin\settings\partials\socials.php on line 14
[23-May-2022 12:21:55 UTC] PHP Warning:  Undefined property: stdClass::$whatsapp in C:\xampp\htdocs\zlink\themes\altum\views\admin\settings\partials\socials.php on line 14
[23-May-2022 12:21:55 UTC] PHP Warning:  Undefined property: stdClass::$email in C:\xampp\htdocs\zlink\themes\altum\views\admin\settings\partials\socials.php on line 14
[23-May-2022 12:22:00 UTC] PHP Warning:  Undefined property: stdClass::$brand_name in C:\xampp\htdocs\zlink\themes\altum\views\admin\settings\partials\business.php on line 8
[23-May-2022 12:22:00 UTC] PHP Warning:  Undefined property: stdClass::$invoice_nr_prefix in C:\xampp\htdocs\zlink\themes\altum\views\admin\settings\partials\business.php on line 13
[23-May-2022 12:22:01 UTC] PHP Warning:  Attempt to read property "is_enabled" on string in C:\xampp\htdocs\zlink\themes\altum\views\admin\settings\partials\tools.php on line 7
[23-May-2022 12:22:01 UTC] PHP Warning:  Attempt to read property "is_enabled" on string in C:\xampp\htdocs\zlink\themes\altum\views\admin\settings\partials\tools.php on line 8
[23-May-2022 12:22:01 UTC] PHP Warning:  Attempt to read property "access" on string in C:\xampp\htdocs\zlink\themes\altum\views\admin\settings\partials\tools.php on line 15
[23-May-2022 12:22:01 UTC] PHP Warning:  Attempt to read property "access" on string in C:\xampp\htdocs\zlink\themes\altum\views\admin\settings\partials\tools.php on line 16
[23-May-2022 12:22:01 UTC] PHP Warning:  Attempt to read property "available_tools" on string in C:\xampp\htdocs\zlink\themes\altum\views\admin\settings\partials\tools.php on line 26
[23-May-2022 12:22:01 UTC] PHP Warning:  Attempt to read property "dns_lookup" on null in C:\xampp\htdocs\zlink\themes\altum\views\admin\settings\partials\tools.php on line 26
[23-May-2022 12:22:01 UTC] PHP Warning:  Attempt to read property "available_tools" on string in C:\xampp\htdocs\zlink\themes\altum\views\admin\settings\partials\tools.php on line 26
[23-May-2022 12:22:01 UTC] PHP Warning:  Attempt to read property "ip_lookup" on null in C:\xampp\htdocs\zlink\themes\altum\views\admin\settings\partials\tools.php on line 26
[23-May-2022 12:22:01 UTC] PHP Warning:  Attempt to read property "available_tools" on string in C:\xampp\htdocs\zlink\themes\altum\views\admin\settings\partials\tools.php on line 26
[23-May-2022 12:22:01 UTC] PHP Warning:  Attempt to read property "ssl_lookup" on null in C:\xampp\htdocs\zlink\themes\altum\views\admin\settings\partials\tools.php on line 26
[23-May-2022 12:22:01 UTC] PHP Warning:  Attempt to read property "available_tools" on string in C:\xampp\htdocs\zlink\themes\altum\views\admin\settings\partials\tools.php on line 26
[23-May-2022 12:22:01 UTC] PHP Warning:  Attempt to read property "whois_lookup" on null in C:\xampp\htdocs\zlink\themes\altum\views\admin\settings\partials\tools.php on line 26
[23-May-2022 12:22:01 UTC] PHP Warning:  Attempt to read property "available_tools" on string in C:\xampp\htdocs\zlink\themes\altum\views\admin\settings\partials\tools.php on line 26
[23-May-2022 12:22:01 UTC] PHP Warning:  Attempt to read property "ping" on null in C:\xampp\htdocs\zlink\themes\altum\views\admin\settings\partials\tools.php on line 26
[23-May-2022 12:22:01 UTC] PHP Warning:  Attempt to read property "available_tools" on string in C:\xampp\htdocs\zlink\themes\altum\views\admin\settings\partials\tools.php on line 26
[23-May-2022 12:22:01 UTC] PHP Warning:  Attempt to read property "md5_generator" on null in C:\xampp\htdocs\zlink\themes\altum\views\admin\settings\partials\tools.php on line 26
[23-May-2022 12:22:01 UTC] PHP Warning:  Attempt to read property "available_tools" on string in C:\xampp\htdocs\zlink\themes\altum\views\admin\settings\partials\tools.php on line 26
[23-May-2022 12:22:01 UTC] PHP Warning:  Attempt to read property "base64_converter" on null in C:\xampp\htdocs\zlink\themes\altum\views\admin\settings\partials\tools.php on line 26
[23-May-2022 12:22:01 UTC] PHP Warning:  Attempt to read property "available_tools" on string in C:\xampp\htdocs\zlink\themes\altum\views\admin\settings\partials\tools.php on line 26
[23-May-2022 12:22:01 UTC] PHP Warning:  Attempt to read property "base64_image_converter" on null in C:\xampp\htdocs\zlink\themes\altum\views\admin\settings\partials\tools.php on line 26
[23-May-2022 12:22:01 UTC] PHP Warning:  Attempt to read property "available_tools" on string in C:\xampp\htdocs\zlink\themes\altum\views\admin\settings\partials\tools.php on line 26
[23-May-2022 12:22:01 UTC] PHP Warning:  Attempt to read property "url_converter" on null in C:\xampp\htdocs\zlink\themes\altum\views\admin\settings\partials\tools.php on line 26
[23-May-2022 12:22:01 UTC] PHP Warning:  Attempt to read property "available_tools" on string in C:\xampp\htdocs\zlink\themes\altum\views\admin\settings\partials\tools.php on line 26
[23-May-2022 12:22:01 UTC] PHP Warning:  Attempt to read property "lorem_ipsum_generator" on null in C:\xampp\htdocs\zlink\themes\altum\views\admin\settings\partials\tools.php on line 26
[23-May-2022 12:22:01 UTC] PHP Warning:  Attempt to read property "available_tools" on string in C:\xampp\htdocs\zlink\themes\altum\views\admin\settings\partials\tools.php on line 26
[23-May-2022 12:22:01 UTC] PHP Warning:  Attempt to read property "markdown_to_html" on null in C:\xampp\htdocs\zlink\themes\altum\views\admin\settings\partials\tools.php on line 26
[23-May-2022 12:22:01 UTC] PHP Warning:  Attempt to read property "available_tools" on string in C:\xampp\htdocs\zlink\themes\altum\views\admin\settings\partials\tools.php on line 26
[23-May-2022 12:22:01 UTC] PHP Warning:  Attempt to read property "case_converter" on null in C:\xampp\htdocs\zlink\themes\altum\views\admin\settings\partials\tools.php on line 26
[23-May-2022 12:22:01 UTC] PHP Warning:  Attempt to read property "available_tools" on string in C:\xampp\htdocs\zlink\themes\altum\views\admin\settings\partials\tools.php on line 26
[23-May-2022 12:22:01 UTC] PHP Warning:  Attempt to read property "uuid_v4_generator" on null in C:\xampp\htdocs\zlink\themes\altum\views\admin\settings\partials\tools.php on line 26
[23-May-2022 12:22:01 UTC] PHP Warning:  Attempt to read property "available_tools" on string in C:\xampp\htdocs\zlink\themes\altum\views\admin\settings\partials\tools.php on line 26
[23-May-2022 12:22:01 UTC] PHP Warning:  Attempt to read property "bcrypt_generator" on null in C:\xampp\htdocs\zlink\themes\altum\views\admin\settings\partials\tools.php on line 26
[23-May-2022 12:22:01 UTC] PHP Warning:  Attempt to read property "available_tools" on string in C:\xampp\htdocs\zlink\themes\altum\views\admin\settings\partials\tools.php on line 26
[23-May-2022 12:22:01 UTC] PHP Warning:  Attempt to read property "password_generator" on null in C:\xampp\htdocs\zlink\themes\altum\views\admin\settings\partials\tools.php on line 26
[23-May-2022 12:22:01 UTC] PHP Warning:  Attempt to read property "available_tools" on string in C:\xampp\htdocs\zlink\themes\altum\views\admin\settings\partials\tools.php on line 26
[23-May-2022 12:22:01 UTC] PHP Warning:  Attempt to read property "password_strength_checker" on null in C:\xampp\htdocs\zlink\themes\altum\views\admin\settings\partials\tools.php on line 26
[23-May-2022 12:22:01 UTC] PHP Warning:  Attempt to read property "available_tools" on string in C:\xampp\htdocs\zlink\themes\altum\views\admin\settings\partials\tools.php on line 26
[23-May-2022 12:22:01 UTC] PHP Warning:  Attempt to read property "slug_generator" on null in C:\xampp\htdocs\zlink\themes\altum\views\admin\settings\partials\tools.php on line 26
[23-May-2022 12:22:01 UTC] PHP Warning:  Attempt to read property "available_tools" on string in C:\xampp\htdocs\zlink\themes\altum\views\admin\settings\partials\tools.php on line 26
[23-May-2022 12:22:01 UTC] PHP Warning:  Attempt to read property "html_minifier" on null in C:\xampp\htdocs\zlink\themes\altum\views\admin\settings\partials\tools.php on line 26
[23-May-2022 12:22:01 UTC] PHP Warning:  Attempt to read property "available_tools" on string in C:\xampp\htdocs\zlink\themes\altum\views\admin\settings\partials\tools.php on line 26
[23-May-2022 12:22:01 UTC] PHP Warning:  Attempt to read property "css_minifier" on null in C:\xampp\htdocs\zlink\themes\altum\views\admin\settings\partials\tools.php on line 26
[23-May-2022 12:22:01 UTC] PHP Warning:  Attempt to read property "available_tools" on string in C:\xampp\htdocs\zlink\themes\altum\views\admin\settings\partials\tools.php on line 26
[23-May-2022 12:22:01 UTC] PHP Warning:  Attempt to read property "js_minifier" on null in C:\xampp\htdocs\zlink\themes\altum\views\admin\settings\partials\tools.php on line 26
[23-May-2022 12:22:01 UTC] PHP Warning:  Attempt to read property "available_tools" on string in C:\xampp\htdocs\zlink\themes\altum\views\admin\settings\partials\tools.php on line 26
[23-May-2022 12:22:01 UTC] PHP Warning:  Attempt to read property "user_agent_parser" on null in C:\xampp\htdocs\zlink\themes\altum\views\admin\settings\partials\tools.php on line 26
[23-May-2022 12:22:01 UTC] PHP Warning:  Attempt to read property "available_tools" on string in C:\xampp\htdocs\zlink\themes\altum\views\admin\settings\partials\tools.php on line 26
[23-May-2022 12:22:01 UTC] PHP Warning:  Attempt to read property "website_hosting_checker" on null in C:\xampp\htdocs\zlink\themes\altum\views\admin\settings\partials\tools.php on line 26
[23-May-2022 12:22:01 UTC] PHP Warning:  Attempt to read property "available_tools" on string in C:\xampp\htdocs\zlink\themes\altum\views\admin\settings\partials\tools.php on line 26
[23-May-2022 12:22:01 UTC] PHP Warning:  Attempt to read property "character_counter" on null in C:\xampp\htdocs\zlink\themes\altum\views\admin\settings\partials\tools.php on line 26
[23-May-2022 12:22:01 UTC] PHP Warning:  Attempt to read property "available_tools" on string in C:\xampp\htdocs\zlink\themes\altum\views\admin\settings\partials\tools.php on line 26
[23-May-2022 12:22:01 UTC] PHP Warning:  Attempt to read property "url_parser" on null in C:\xampp\htdocs\zlink\themes\altum\views\admin\settings\partials\tools.php on line 26
[23-May-2022 12:22:01 UTC] PHP Warning:  Attempt to read property "available_tools" on string in C:\xampp\htdocs\zlink\themes\altum\views\admin\settings\partials\tools.php on line 26
[23-May-2022 12:22:01 UTC] PHP Warning:  Attempt to read property "color_converter" on null in C:\xampp\htdocs\zlink\themes\altum\views\admin\settings\partials\tools.php on line 26
[23-May-2022 12:22:01 UTC] PHP Warning:  Attempt to read property "available_tools" on string in C:\xampp\htdocs\zlink\themes\altum\views\admin\settings\partials\tools.php on line 26
[23-May-2022 12:22:01 UTC] PHP Warning:  Attempt to read property "http_headers_lookup" on null in C:\xampp\htdocs\zlink\themes\altum\views\admin\settings\partials\tools.php on line 26
[23-May-2022 12:22:01 UTC] PHP Warning:  Attempt to read property "available_tools" on string in C:\xampp\htdocs\zlink\themes\altum\views\admin\settings\partials\tools.php on line 26
[23-May-2022 12:22:01 UTC] PHP Warning:  Attempt to read property "duplicate_lines_remover" on null in C:\xampp\htdocs\zlink\themes\altum\views\admin\settings\partials\tools.php on line 26
[23-May-2022 12:22:01 UTC] PHP Warning:  Attempt to read property "available_tools" on string in C:\xampp\htdocs\zlink\themes\altum\views\admin\settings\partials\tools.php on line 26
[23-May-2022 12:22:01 UTC] PHP Warning:  Attempt to read property "text_to_speech" on null in C:\xampp\htdocs\zlink\themes\altum\views\admin\settings\partials\tools.php on line 26
[23-May-2022 12:22:01 UTC] PHP Warning:  Attempt to read property "available_tools" on string in C:\xampp\htdocs\zlink\themes\altum\views\admin\settings\partials\tools.php on line 26
[23-May-2022 12:22:01 UTC] PHP Warning:  Attempt to read property "idn_punnycode_converter" on null in C:\xampp\htdocs\zlink\themes\altum\views\admin\settings\partials\tools.php on line 26
[23-May-2022 12:22:01 UTC] PHP Warning:  Attempt to read property "available_tools" on string in C:\xampp\htdocs\zlink\themes\altum\views\admin\settings\partials\tools.php on line 26
[23-May-2022 12:22:01 UTC] PHP Warning:  Attempt to read property "json_validator_beautifier" on null in C:\xampp\htdocs\zlink\themes\altum\views\admin\settings\partials\tools.php on line 26
[23-May-2022 12:22:01 UTC] PHP Warning:  Attempt to read property "available_tools" on string in C:\xampp\htdocs\zlink\themes\altum\views\admin\settings\partials\tools.php on line 26
[23-May-2022 12:22:01 UTC] PHP Warning:  Attempt to read property "qr_code_reader" on null in C:\xampp\htdocs\zlink\themes\altum\views\admin\settings\partials\tools.php on line 26
[23-May-2022 12:22:01 UTC] PHP Warning:  Attempt to read property "available_tools" on string in C:\xampp\htdocs\zlink\themes\altum\views\admin\settings\partials\tools.php on line 26
[23-May-2022 12:22:01 UTC] PHP Warning:  Attempt to read property "meta_tags_checker" on null in C:\xampp\htdocs\zlink\themes\altum\views\admin\settings\partials\tools.php on line 26
[23-May-2022 12:22:01 UTC] PHP Warning:  Attempt to read property "available_tools" on string in C:\xampp\htdocs\zlink\themes\altum\views\admin\settings\partials\tools.php on line 26
[23-May-2022 12:22:01 UTC] PHP Warning:  Attempt to read property "exif_reader" on null in C:\xampp\htdocs\zlink\themes\altum\views\admin\settings\partials\tools.php on line 26
[23-May-2022 12:22:01 UTC] PHP Warning:  Attempt to read property "available_tools" on string in C:\xampp\htdocs\zlink\themes\altum\views\admin\settings\partials\tools.php on line 26
[23-May-2022 12:22:01 UTC] PHP Warning:  Attempt to read property "sql_beautifier" on null in C:\xampp\htdocs\zlink\themes\altum\views\admin\settings\partials\tools.php on line 26
[23-May-2022 12:22:01 UTC] PHP Warning:  Attempt to read property "available_tools" on string in C:\xampp\htdocs\zlink\themes\altum\views\admin\settings\partials\tools.php on line 26
[23-May-2022 12:22:01 UTC] PHP Warning:  Attempt to read property "html_entity_converter" on null in C:\xampp\htdocs\zlink\themes\altum\views\admin\settings\partials\tools.php on line 26
[23-May-2022 12:22:31 UTC] PHP Warning:  Undefined property: stdClass::$directory_is_enabled in C:\xampp\htdocs\zlink\themes\altum\views\admin\settings\partials\links.php on line 22
[23-May-2022 12:22:31 UTC] PHP Warning:  Undefined property: stdClass::$directory_is_enabled in C:\xampp\htdocs\zlink\themes\altum\views\admin\settings\partials\links.php on line 23
[23-May-2022 12:22:31 UTC] PHP Warning:  Undefined property: stdClass::$directory_display in C:\xampp\htdocs\zlink\themes\altum\views\admin\settings\partials\links.php on line 31
[23-May-2022 12:22:31 UTC] PHP Warning:  Undefined property: stdClass::$directory_display in C:\xampp\htdocs\zlink\themes\altum\views\admin\settings\partials\links.php on line 32
[23-May-2022 12:22:31 UTC] PHP Warning:  Undefined property: stdClass::$favicon_size_limit in C:\xampp\htdocs\zlink\themes\altum\views\admin\settings\partials\links.php on line 68
[23-May-2022 12:22:31 UTC] PHP Warning:  Undefined property: stdClass::$seo_image_size_limit in C:\xampp\htdocs\zlink\themes\altum\views\admin\settings\partials\links.php on line 74
[23-May-2022 12:22:31 UTC] PHP Warning:  Undefined property: stdClass::$audio_size_limit in C:\xampp\htdocs\zlink\themes\altum\views\admin\settings\partials\links.php on line 92
[23-May-2022 12:22:31 UTC] PHP Warning:  Undefined property: stdClass::$video_size_limit in C:\xampp\htdocs\zlink\themes\altum\views\admin\settings\partials\links.php on line 98
[23-May-2022 12:22:31 UTC] PHP Warning:  Undefined property: stdClass::$file_size_limit in C:\xampp\htdocs\zlink\themes\altum\views\admin\settings\partials\links.php on line 104
[23-May-2022 12:22:31 UTC] PHP Warning:  Undefined property: stdClass::$product_file_size_limit in C:\xampp\htdocs\zlink\themes\altum\views\admin\settings\partials\links.php on line 110
[23-May-2022 12:22:45 UTC] PHP Warning:  Undefined property: stdClass::$directory_is_enabled in C:\xampp\htdocs\zlink\themes\altum\views\admin\settings\partials\links.php on line 22
[23-May-2022 12:22:45 UTC] PHP Warning:  Undefined property: stdClass::$directory_is_enabled in C:\xampp\htdocs\zlink\themes\altum\views\admin\settings\partials\links.php on line 23
[23-May-2022 12:22:45 UTC] PHP Warning:  Undefined property: stdClass::$directory_display in C:\xampp\htdocs\zlink\themes\altum\views\admin\settings\partials\links.php on line 31
[23-May-2022 12:22:45 UTC] PHP Warning:  Undefined property: stdClass::$directory_display in C:\xampp\htdocs\zlink\themes\altum\views\admin\settings\partials\links.php on line 32
[23-May-2022 12:22:45 UTC] PHP Warning:  Undefined property: stdClass::$favicon_size_limit in C:\xampp\htdocs\zlink\themes\altum\views\admin\settings\partials\links.php on line 68
[23-May-2022 12:22:45 UTC] PHP Warning:  Undefined property: stdClass::$seo_image_size_limit in C:\xampp\htdocs\zlink\themes\altum\views\admin\settings\partials\links.php on line 74
[23-May-2022 12:22:45 UTC] PHP Warning:  Undefined property: stdClass::$audio_size_limit in C:\xampp\htdocs\zlink\themes\altum\views\admin\settings\partials\links.php on line 92
[23-May-2022 12:22:45 UTC] PHP Warning:  Undefined property: stdClass::$video_size_limit in C:\xampp\htdocs\zlink\themes\altum\views\admin\settings\partials\links.php on line 98
[23-May-2022 12:22:45 UTC] PHP Warning:  Undefined property: stdClass::$file_size_limit in C:\xampp\htdocs\zlink\themes\altum\views\admin\settings\partials\links.php on line 104
[23-May-2022 12:22:45 UTC] PHP Warning:  Undefined property: stdClass::$product_file_size_limit in C:\xampp\htdocs\zlink\themes\altum\views\admin\settings\partials\links.php on line 110
[23-May-2022 12:22:46 UTC] PHP Warning:  Undefined property: stdClass::$color in C:\xampp\htdocs\zlink\themes\altum\views\partials\plans.php on line 56
[23-May-2022 12:22:46 UTC] PHP Warning:  Undefined property: stdClass::$price in C:\xampp\htdocs\zlink\themes\altum\views\partials\plans.php on line 61
[23-May-2022 12:22:46 UTC] PHP Warning:  Undefined property: stdClass::$description in C:\xampp\htdocs\zlink\themes\altum\views\partials\plans.php on line 64
[23-May-2022 12:22:46 UTC] PHP Warning:  Undefined property: stdClass::$biolink_blocks_limit in C:\xampp\htdocs\zlink\themes\altum\views\partials\plans_plan_content.php on line 9
[23-May-2022 12:22:46 UTC] PHP Warning:  Undefined property: stdClass::$biolink_blocks_limit in C:\xampp\htdocs\zlink\themes\altum\views\partials\plans_plan_content.php on line 9
[23-May-2022 12:22:46 UTC] PHP Warning:  Undefined property: stdClass::$qr_codes_limit in C:\xampp\htdocs\zlink\themes\altum\views\partials\plans_plan_content.php on line 27
[23-May-2022 12:22:46 UTC] PHP Warning:  Undefined property: stdClass::$qr_codes_limit in C:\xampp\htdocs\zlink\themes\altum\views\partials\plans_plan_content.php on line 27
[23-May-2022 12:22:46 UTC] PHP Warning:  Undefined property: stdClass::$track_links_retention in C:\xampp\htdocs\zlink\themes\altum\views\partials\plans_plan_content.php on line 72
[23-May-2022 12:22:46 UTC] PHP Warning:  Undefined property: stdClass::$track_links_retention in C:\xampp\htdocs\zlink\themes\altum\views\partials\plans_plan_content.php on line 72
[23-May-2022 12:22:46 UTC] PHP Warning:  Undefined property: stdClass::$dofollow_is_enabled in C:\xampp\htdocs\zlink\themes\altum\views\partials\plans_plan_content.php on line 77
[23-May-2022 12:22:46 UTC] PHP Warning:  Undefined property: stdClass::$dofollow_is_enabled in C:\xampp\htdocs\zlink\themes\altum\views\partials\plans_plan_content.php on line 81
[23-May-2022 12:22:46 UTC] PHP Warning:  Undefined property: stdClass::$custom_css_is_enabled in C:\xampp\htdocs\zlink\themes\altum\views\partials\plans_plan_content.php on line 77
[23-May-2022 12:22:46 UTC] PHP Warning:  Undefined property: stdClass::$custom_css_is_enabled in C:\xampp\htdocs\zlink\themes\altum\views\partials\plans_plan_content.php on line 81
[23-May-2022 12:22:46 UTC] PHP Warning:  Undefined property: stdClass::$custom_js_is_enabled in C:\xampp\htdocs\zlink\themes\altum\views\partials\plans_plan_content.php on line 77
[23-May-2022 12:22:46 UTC] PHP Warning:  Undefined property: stdClass::$custom_js_is_enabled in C:\xampp\htdocs\zlink\themes\altum\views\partials\plans_plan_content.php on line 81
[23-May-2022 12:22:46 UTC] PHP Warning:  Attempt to read property "is_enabled" on string in C:\xampp\htdocs\zlink\themes\altum\views\partials\index_menu.php on line 54
[23-May-2022 12:22:46 UTC] PHP Warning:  Attempt to read property "is_enabled" on string in C:\xampp\htdocs\zlink\themes\altum\views\partials\menu.php on line 34
[23-May-2022 12:22:46 UTC] PHP Warning:  Attempt to read property "is_enabled" on string in C:\xampp\htdocs\zlink\themes\altum\views\partials\menu.php on line 59
[23-May-2022 12:22:46 UTC] PHP Warning:  Undefined property: stdClass::$contact in C:\xampp\htdocs\zlink\themes\altum\views\partials\footer.php on line 55
[23-May-2022 12:22:46 UTC] PHP Warning:  Undefined property: stdClass::$is_enabled in C:\xampp\htdocs\zlink\themes\altum\views\partials\footer.php on line 59
[23-May-2022 12:22:46 UTC] PHP Warning:  Undefined property: stdClass::$guests_content in C:\xampp\htdocs\zlink\themes\altum\views\partials\announcements.php on line 4
[23-May-2022 12:22:46 UTC] PHP Warning:  Undefined property: stdClass::$users_content in C:\xampp\htdocs\zlink\themes\altum\views\partials\announcements.php on line 4
[23-May-2022 12:22:46 UTC] PHP Warning:  Undefined property: stdClass::$is_enabled in C:\xampp\htdocs\zlink\themes\altum\views\partials\cookie_consent.php on line 3
[23-May-2022 12:22:48 UTC] PHP Warning:  Attempt to read property "is_enabled" on string in C:\xampp\htdocs\zlink\themes\altum\views\partials\menu.php on line 34
[23-May-2022 12:22:48 UTC] PHP Warning:  Attempt to read property "is_enabled" on string in C:\xampp\htdocs\zlink\themes\altum\views\partials\menu.php on line 59
[23-May-2022 12:22:48 UTC] PHP Warning:  Undefined property: stdClass::$contact in C:\xampp\htdocs\zlink\themes\altum\views\partials\footer.php on line 55
[23-May-2022 12:22:48 UTC] PHP Warning:  Undefined property: stdClass::$is_enabled in C:\xampp\htdocs\zlink\themes\altum\views\partials\footer.php on line 59
[23-May-2022 12:22:48 UTC] PHP Warning:  Undefined property: stdClass::$guests_content in C:\xampp\htdocs\zlink\themes\altum\views\partials\announcements.php on line 4
[23-May-2022 12:22:48 UTC] PHP Warning:  Undefined property: stdClass::$users_content in C:\xampp\htdocs\zlink\themes\altum\views\partials\announcements.php on line 4
[23-May-2022 12:22:48 UTC] PHP Warning:  Undefined property: stdClass::$is_enabled in C:\xampp\htdocs\zlink\themes\altum\views\partials\cookie_consent.php on line 3
[23-May-2022 12:22:51 UTC] PHP Warning:  Attempt to read property "is_enabled" on string in C:\xampp\htdocs\zlink\themes\altum\views\partials\menu.php on line 34
[23-May-2022 12:22:51 UTC] PHP Warning:  Attempt to read property "is_enabled" on string in C:\xampp\htdocs\zlink\themes\altum\views\partials\menu.php on line 59
[23-May-2022 12:22:51 UTC] PHP Warning:  Undefined property: stdClass::$contact in C:\xampp\htdocs\zlink\themes\altum\views\partials\footer.php on line 55
[23-May-2022 12:22:51 UTC] PHP Warning:  Undefined property: stdClass::$is_enabled in C:\xampp\htdocs\zlink\themes\altum\views\partials\footer.php on line 59
[23-May-2022 12:22:51 UTC] PHP Warning:  Undefined property: stdClass::$guests_content in C:\xampp\htdocs\zlink\themes\altum\views\partials\announcements.php on line 4
[23-May-2022 12:22:51 UTC] PHP Warning:  Undefined property: stdClass::$users_content in C:\xampp\htdocs\zlink\themes\altum\views\partials\announcements.php on line 4
[23-May-2022 12:22:51 UTC] PHP Warning:  Undefined property: stdClass::$is_enabled in C:\xampp\htdocs\zlink\themes\altum\views\partials\cookie_consent.php on line 3
[23-May-2022 12:23:04 UTC] PHP Warning:  Undefined property: stdClass::$blacklisted_domains in C:\xampp\htdocs\zlink\themes\altum\views\admin\settings\partials\users.php on line 35
[23-May-2022 14:33:13 UTC] PHP Warning:  Attempt to read property "is_enabled" on string in C:\xampp\htdocs\zlink\themes\altum\views\partials\menu.php on line 34
[23-May-2022 14:33:13 UTC] PHP Warning:  Attempt to read property "is_enabled" on string in C:\xampp\htdocs\zlink\themes\altum\views\partials\menu.php on line 59
[23-May-2022 14:33:14 UTC] PHP Warning:  Undefined property: stdClass::$contact in C:\xampp\htdocs\zlink\themes\altum\views\partials\footer.php on line 55
[23-May-2022 14:33:14 UTC] PHP Warning:  Undefined property: stdClass::$is_enabled in C:\xampp\htdocs\zlink\themes\altum\views\partials\footer.php on line 59
[23-May-2022 14:33:14 UTC] PHP Warning:  Undefined property: stdClass::$guests_content in C:\xampp\htdocs\zlink\themes\altum\views\partials\announcements.php on line 4
[23-May-2022 14:33:14 UTC] PHP Warning:  Undefined property: stdClass::$users_content in C:\xampp\htdocs\zlink\themes\altum\views\partials\announcements.php on line 4
[23-May-2022 14:33:14 UTC] PHP Warning:  Undefined property: stdClass::$is_enabled in C:\xampp\htdocs\zlink\themes\altum\views\partials\cookie_consent.php on line 3
[23-May-2022 14:33:14 UTC] PHP Warning:  Undefined property: stdClass::$color in C:\xampp\htdocs\zlink\themes\altum\views\partials\plans.php on line 56
[23-May-2022 14:33:14 UTC] PHP Warning:  Undefined property: stdClass::$price in C:\xampp\htdocs\zlink\themes\altum\views\partials\plans.php on line 61
[23-May-2022 14:33:14 UTC] PHP Warning:  Undefined property: stdClass::$description in C:\xampp\htdocs\zlink\themes\altum\views\partials\plans.php on line 64
[23-May-2022 14:33:14 UTC] PHP Warning:  Undefined property: stdClass::$biolink_blocks_limit in C:\xampp\htdocs\zlink\themes\altum\views\partials\plans_plan_content.php on line 9
[23-May-2022 14:33:14 UTC] PHP Warning:  Undefined property: stdClass::$biolink_blocks_limit in C:\xampp\htdocs\zlink\themes\altum\views\partials\plans_plan_content.php on line 9
[23-May-2022 14:33:14 UTC] PHP Warning:  Undefined property: stdClass::$qr_codes_limit in C:\xampp\htdocs\zlink\themes\altum\views\partials\plans_plan_content.php on line 27
[23-May-2022 14:33:14 UTC] PHP Warning:  Undefined property: stdClass::$qr_codes_limit in C:\xampp\htdocs\zlink\themes\altum\views\partials\plans_plan_content.php on line 27
[23-May-2022 14:33:14 UTC] PHP Warning:  Undefined property: stdClass::$track_links_retention in C:\xampp\htdocs\zlink\themes\altum\views\partials\plans_plan_content.php on line 72
[23-May-2022 14:33:14 UTC] PHP Warning:  Undefined property: stdClass::$track_links_retention in C:\xampp\htdocs\zlink\themes\altum\views\partials\plans_plan_content.php on line 72
[23-May-2022 14:33:14 UTC] PHP Warning:  Undefined property: stdClass::$dofollow_is_enabled in C:\xampp\htdocs\zlink\themes\altum\views\partials\plans_plan_content.php on line 77
[23-May-2022 14:33:14 UTC] PHP Warning:  Undefined property: stdClass::$dofollow_is_enabled in C:\xampp\htdocs\zlink\themes\altum\views\partials\plans_plan_content.php on line 81
[23-May-2022 14:33:14 UTC] PHP Warning:  Undefined property: stdClass::$custom_css_is_enabled in C:\xampp\htdocs\zlink\themes\altum\views\partials\plans_plan_content.php on line 77
[23-May-2022 14:33:14 UTC] PHP Warning:  Undefined property: stdClass::$custom_css_is_enabled in C:\xampp\htdocs\zlink\themes\altum\views\partials\plans_plan_content.php on line 81
[23-May-2022 14:33:14 UTC] PHP Warning:  Undefined property: stdClass::$custom_js_is_enabled in C:\xampp\htdocs\zlink\themes\altum\views\partials\plans_plan_content.php on line 77
[23-May-2022 14:33:14 UTC] PHP Warning:  Undefined property: stdClass::$custom_js_is_enabled in C:\xampp\htdocs\zlink\themes\altum\views\partials\plans_plan_content.php on line 81
[23-May-2022 14:33:14 UTC] PHP Warning:  Attempt to read property "is_enabled" on string in C:\xampp\htdocs\zlink\themes\altum\views\partials\index_menu.php on line 54
[23-May-2022 14:33:14 UTC] PHP Warning:  Attempt to read property "is_enabled" on string in C:\xampp\htdocs\zlink\themes\altum\views\partials\menu.php on line 34
[23-May-2022 14:33:14 UTC] PHP Warning:  Attempt to read property "is_enabled" on string in C:\xampp\htdocs\zlink\themes\altum\views\partials\menu.php on line 59
[23-May-2022 14:33:14 UTC] PHP Warning:  Undefined property: stdClass::$contact in C:\xampp\htdocs\zlink\themes\altum\views\partials\footer.php on line 55
[23-May-2022 14:33:14 UTC] PHP Warning:  Undefined property: stdClass::$is_enabled in C:\xampp\htdocs\zlink\themes\altum\views\partials\footer.php on line 59
[23-May-2022 14:33:14 UTC] PHP Warning:  Undefined property: stdClass::$guests_content in C:\xampp\htdocs\zlink\themes\altum\views\partials\announcements.php on line 4
[23-May-2022 14:33:14 UTC] PHP Warning:  Undefined property: stdClass::$users_content in C:\xampp\htdocs\zlink\themes\altum\views\partials\announcements.php on line 4
[23-May-2022 14:33:14 UTC] PHP Warning:  Undefined property: stdClass::$is_enabled in C:\xampp\htdocs\zlink\themes\altum\views\partials\cookie_consent.php on line 3
[23-May-2022 14:33:17 UTC] PHP Warning:  Attempt to read property "is_enabled" on string in C:\xampp\htdocs\zlink\themes\altum\views\partials\menu.php on line 34
[23-May-2022 14:33:17 UTC] PHP Warning:  Attempt to read property "is_enabled" on string in C:\xampp\htdocs\zlink\themes\altum\views\partials\menu.php on line 59
[23-May-2022 14:33:17 UTC] PHP Warning:  Undefined property: stdClass::$contact in C:\xampp\htdocs\zlink\themes\altum\views\partials\footer.php on line 55
[23-May-2022 14:33:17 UTC] PHP Warning:  Undefined property: stdClass::$is_enabled in C:\xampp\htdocs\zlink\themes\altum\views\partials\footer.php on line 59
[23-May-2022 14:33:17 UTC] PHP Warning:  Undefined property: stdClass::$guests_content in C:\xampp\htdocs\zlink\themes\altum\views\partials\announcements.php on line 4
[23-May-2022 14:33:17 UTC] PHP Warning:  Undefined property: stdClass::$users_content in C:\xampp\htdocs\zlink\themes\altum\views\partials\announcements.php on line 4
[23-May-2022 14:33:17 UTC] PHP Warning:  Undefined property: stdClass::$is_enabled in C:\xampp\htdocs\zlink\themes\altum\views\partials\cookie_consent.php on line 3
[23-May-2022 17:18:44 UTC] PHP Warning:  Undefined property: stdClass::$color in C:\xampp\htdocs\zlink\themes\altum\views\partials\plans.php on line 56
[23-May-2022 17:18:44 UTC] PHP Warning:  Undefined property: stdClass::$price in C:\xampp\htdocs\zlink\themes\altum\views\partials\plans.php on line 61
[23-May-2022 17:18:44 UTC] PHP Warning:  Undefined property: stdClass::$description in C:\xampp\htdocs\zlink\themes\altum\views\partials\plans.php on line 64
[23-May-2022 17:18:44 UTC] PHP Warning:  Undefined property: stdClass::$biolink_blocks_limit in C:\xampp\htdocs\zlink\themes\altum\views\partials\plans_plan_content.php on line 9
[23-May-2022 17:18:44 UTC] PHP Warning:  Undefined property: stdClass::$biolink_blocks_limit in C:\xampp\htdocs\zlink\themes\altum\views\partials\plans_plan_content.php on line 9
[23-May-2022 17:18:44 UTC] PHP Warning:  Undefined property: stdClass::$qr_codes_limit in C:\xampp\htdocs\zlink\themes\altum\views\partials\plans_plan_content.php on line 27
[23-May-2022 17:18:44 UTC] PHP Warning:  Undefined property: stdClass::$qr_codes_limit in C:\xampp\htdocs\zlink\themes\altum\views\partials\plans_plan_content.php on line 27
[23-May-2022 17:18:44 UTC] PHP Warning:  Undefined property: stdClass::$track_links_retention in C:\xampp\htdocs\zlink\themes\altum\views\partials\plans_plan_content.php on line 72
[23-May-2022 17:18:44 UTC] PHP Warning:  Undefined property: stdClass::$track_links_retention in C:\xampp\htdocs\zlink\themes\altum\views\partials\plans_plan_content.php on line 72
[23-May-2022 17:18:44 UTC] PHP Warning:  Undefined property: stdClass::$dofollow_is_enabled in C:\xampp\htdocs\zlink\themes\altum\views\partials\plans_plan_content.php on line 77
[23-May-2022 17:18:44 UTC] PHP Warning:  Undefined property: stdClass::$dofollow_is_enabled in C:\xampp\htdocs\zlink\themes\altum\views\partials\plans_plan_content.php on line 81
[23-May-2022 17:18:44 UTC] PHP Warning:  Undefined property: stdClass::$custom_css_is_enabled in C:\xampp\htdocs\zlink\themes\altum\views\partials\plans_plan_content.php on line 77
[23-May-2022 17:18:44 UTC] PHP Warning:  Undefined property: stdClass::$custom_css_is_enabled in C:\xampp\htdocs\zlink\themes\altum\views\partials\plans_plan_content.php on line 81
[23-May-2022 17:18:44 UTC] PHP Warning:  Undefined property: stdClass::$custom_js_is_enabled in C:\xampp\htdocs\zlink\themes\altum\views\partials\plans_plan_content.php on line 77
[23-May-2022 17:18:44 UTC] PHP Warning:  Undefined property: stdClass::$custom_js_is_enabled in C:\xampp\htdocs\zlink\themes\altum\views\partials\plans_plan_content.php on line 81
[23-May-2022 17:18:44 UTC] PHP Warning:  Attempt to read property "is_enabled" on string in C:\xampp\htdocs\zlink\themes\altum\views\partials\menu.php on line 34
[23-May-2022 17:18:44 UTC] PHP Warning:  Undefined property: stdClass::$contact in C:\xampp\htdocs\zlink\themes\altum\views\partials\footer.php on line 55
[23-May-2022 17:18:44 UTC] PHP Warning:  Undefined property: stdClass::$is_enabled in C:\xampp\htdocs\zlink\themes\altum\views\partials\footer.php on line 59
[23-May-2022 17:18:44 UTC] PHP Warning:  Undefined property: stdClass::$guests_content in C:\xampp\htdocs\zlink\themes\altum\views\partials\announcements.php on line 4
[23-May-2022 17:18:44 UTC] PHP Warning:  Undefined property: stdClass::$users_content in C:\xampp\htdocs\zlink\themes\altum\views\partials\announcements.php on line 4
[23-May-2022 17:18:44 UTC] PHP Warning:  Undefined property: stdClass::$is_enabled in C:\xampp\htdocs\zlink\themes\altum\views\partials\cookie_consent.php on line 3
[23-May-2022 17:18:51 UTC] PHP Warning:  Attempt to read property "is_enabled" on string in C:\xampp\htdocs\zlink\themes\altum\views\partials\menu.php on line 34
[23-May-2022 17:18:51 UTC] PHP Warning:  Undefined property: stdClass::$contact in C:\xampp\htdocs\zlink\themes\altum\views\partials\footer.php on line 55
[23-May-2022 17:18:51 UTC] PHP Warning:  Undefined property: stdClass::$is_enabled in C:\xampp\htdocs\zlink\themes\altum\views\partials\footer.php on line 59
[23-May-2022 17:18:51 UTC] PHP Warning:  Undefined property: stdClass::$guests_content in C:\xampp\htdocs\zlink\themes\altum\views\partials\announcements.php on line 4
[23-May-2022 17:18:51 UTC] PHP Warning:  Undefined property: stdClass::$users_content in C:\xampp\htdocs\zlink\themes\altum\views\partials\announcements.php on line 4
[23-May-2022 17:18:51 UTC] PHP Warning:  Undefined property: stdClass::$is_enabled in C:\xampp\htdocs\zlink\themes\altum\views\partials\cookie_consent.php on line 3
[23-May-2022 17:18:57 UTC] PHP Warning:  Attempt to read property "is_enabled" on string in C:\xampp\htdocs\zlink\themes\altum\views\partials\menu.php on line 34
[23-May-2022 17:18:57 UTC] PHP Warning:  Undefined property: stdClass::$contact in C:\xampp\htdocs\zlink\themes\altum\views\partials\footer.php on line 55
[23-May-2022 17:18:57 UTC] PHP Warning:  Undefined property: stdClass::$is_enabled in C:\xampp\htdocs\zlink\themes\altum\views\partials\footer.php on line 59
[23-May-2022 17:18:57 UTC] PHP Warning:  Undefined property: stdClass::$guests_content in C:\xampp\htdocs\zlink\themes\altum\views\partials\announcements.php on line 4
[23-May-2022 17:18:57 UTC] PHP Warning:  Undefined property: stdClass::$users_content in C:\xampp\htdocs\zlink\themes\altum\views\partials\announcements.php on line 4
[23-May-2022 17:18:57 UTC] PHP Warning:  Undefined property: stdClass::$is_enabled in C:\xampp\htdocs\zlink\themes\altum\views\partials\cookie_consent.php on line 3
[23-May-2022 17:19:02 UTC] PHP Warning:  Attempt to read property "is_enabled" on string in C:\xampp\htdocs\zlink\themes\altum\views\partials\menu.php on line 34
[23-May-2022 17:19:02 UTC] PHP Warning:  Attempt to read property "is_enabled" on string in C:\xampp\htdocs\zlink\themes\altum\views\partials\menu.php on line 59
[23-May-2022 17:19:02 UTC] PHP Warning:  Undefined property: stdClass::$contact in C:\xampp\htdocs\zlink\themes\altum\views\partials\footer.php on line 55
[23-May-2022 17:19:02 UTC] PHP Warning:  Undefined property: stdClass::$is_enabled in C:\xampp\htdocs\zlink\themes\altum\views\partials\footer.php on line 59
[23-May-2022 17:19:02 UTC] PHP Warning:  Undefined property: stdClass::$guests_content in C:\xampp\htdocs\zlink\themes\altum\views\partials\announcements.php on line 4
[23-May-2022 17:19:02 UTC] PHP Warning:  Undefined property: stdClass::$users_content in C:\xampp\htdocs\zlink\themes\altum\views\partials\announcements.php on line 4
[23-May-2022 17:19:02 UTC] PHP Warning:  Undefined property: stdClass::$is_enabled in C:\xampp\htdocs\zlink\themes\altum\views\partials\cookie_consent.php on line 3
[23-May-2022 17:19:45 UTC] PHP Warning:  Attempt to read property "is_enabled" on string in C:\xampp\htdocs\zlink\themes\altum\views\partials\menu.php on line 34
[23-May-2022 17:19:45 UTC] PHP Warning:  Attempt to read property "is_enabled" on string in C:\xampp\htdocs\zlink\themes\altum\views\partials\menu.php on line 59
[23-May-2022 17:19:45 UTC] PHP Warning:  Undefined property: stdClass::$contact in C:\xampp\htdocs\zlink\themes\altum\views\partials\footer.php on line 55
[23-May-2022 17:19:45 UTC] PHP Warning:  Undefined property: stdClass::$is_enabled in C:\xampp\htdocs\zlink\themes\altum\views\partials\footer.php on line 59
[23-May-2022 17:19:45 UTC] PHP Warning:  Undefined property: stdClass::$guests_content in C:\xampp\htdocs\zlink\themes\altum\views\partials\announcements.php on line 4
[23-May-2022 17:19:45 UTC] PHP Warning:  Undefined property: stdClass::$users_content in C:\xampp\htdocs\zlink\themes\altum\views\partials\announcements.php on line 4
[23-May-2022 17:19:45 UTC] PHP Warning:  Undefined property: stdClass::$is_enabled in C:\xampp\htdocs\zlink\themes\altum\views\partials\cookie_consent.php on line 3
[24-May-2022 12:24:08 UTC] PHP Warning:  Undefined property: stdClass::$color in C:\xampp\htdocs\zlink\themes\altum\views\partials\plans.php on line 56
[24-May-2022 12:24:08 UTC] PHP Warning:  Undefined property: stdClass::$price in C:\xampp\htdocs\zlink\themes\altum\views\partials\plans.php on line 61
[24-May-2022 12:24:08 UTC] PHP Warning:  Undefined property: stdClass::$description in C:\xampp\htdocs\zlink\themes\altum\views\partials\plans.php on line 64
[24-May-2022 12:24:08 UTC] PHP Warning:  Undefined property: stdClass::$biolink_blocks_limit in C:\xampp\htdocs\zlink\themes\altum\views\partials\plans_plan_content.php on line 9
[24-May-2022 12:24:08 UTC] PHP Warning:  Undefined property: stdClass::$biolink_blocks_limit in C:\xampp\htdocs\zlink\themes\altum\views\partials\plans_plan_content.php on line 9
[24-May-2022 12:24:08 UTC] PHP Warning:  Undefined property: stdClass::$qr_codes_limit in C:\xampp\htdocs\zlink\themes\altum\views\partials\plans_plan_content.php on line 27
[24-May-2022 12:24:08 UTC] PHP Warning:  Undefined property: stdClass::$qr_codes_limit in C:\xampp\htdocs\zlink\themes\altum\views\partials\plans_plan_content.php on line 27
[24-May-2022 12:24:08 UTC] PHP Warning:  Undefined property: stdClass::$track_links_retention in C:\xampp\htdocs\zlink\themes\altum\views\partials\plans_plan_content.php on line 72
[24-May-2022 12:24:08 UTC] PHP Warning:  Undefined property: stdClass::$track_links_retention in C:\xampp\htdocs\zlink\themes\altum\views\partials\plans_plan_content.php on line 72
[24-May-2022 12:24:08 UTC] PHP Warning:  Undefined property: stdClass::$dofollow_is_enabled in C:\xampp\htdocs\zlink\themes\altum\views\partials\plans_plan_content.php on line 77
[24-May-2022 12:24:08 UTC] PHP Warning:  Undefined property: stdClass::$dofollow_is_enabled in C:\xampp\htdocs\zlink\themes\altum\views\partials\plans_plan_content.php on line 81
[24-May-2022 12:24:08 UTC] PHP Warning:  Undefined property: stdClass::$custom_css_is_enabled in C:\xampp\htdocs\zlink\themes\altum\views\partials\plans_plan_content.php on line 77
[24-May-2022 12:24:08 UTC] PHP Warning:  Undefined property: stdClass::$custom_css_is_enabled in C:\xampp\htdocs\zlink\themes\altum\views\partials\plans_plan_content.php on line 81
[24-May-2022 12:24:08 UTC] PHP Warning:  Undefined property: stdClass::$custom_js_is_enabled in C:\xampp\htdocs\zlink\themes\altum\views\partials\plans_plan_content.php on line 77
[24-May-2022 12:24:08 UTC] PHP Warning:  Undefined property: stdClass::$custom_js_is_enabled in C:\xampp\htdocs\zlink\themes\altum\views\partials\plans_plan_content.php on line 81
[24-May-2022 12:24:08 UTC] PHP Warning:  Attempt to read property "is_enabled" on string in C:\xampp\htdocs\zlink\themes\altum\views\partials\menu.php on line 34
[24-May-2022 12:24:08 UTC] PHP Warning:  Undefined property: stdClass::$contact in C:\xampp\htdocs\zlink\themes\altum\views\partials\footer.php on line 55
[24-May-2022 12:24:08 UTC] PHP Warning:  Undefined property: stdClass::$is_enabled in C:\xampp\htdocs\zlink\themes\altum\views\partials\footer.php on line 59
[24-May-2022 12:24:08 UTC] PHP Warning:  Undefined property: stdClass::$guests_content in C:\xampp\htdocs\zlink\themes\altum\views\partials\announcements.php on line 4
[24-May-2022 12:24:08 UTC] PHP Warning:  Undefined property: stdClass::$users_content in C:\xampp\htdocs\zlink\themes\altum\views\partials\announcements.php on line 4
[24-May-2022 12:24:08 UTC] PHP Warning:  Undefined property: stdClass::$is_enabled in C:\xampp\htdocs\zlink\themes\altum\views\partials\cookie_consent.php on line 3
[24-May-2022 12:24:11 UTC] PHP Warning:  Attempt to read property "is_enabled" on string in C:\xampp\htdocs\zlink\themes\altum\views\partials\menu.php on line 34
[24-May-2022 12:24:11 UTC] PHP Warning:  Undefined property: stdClass::$contact in C:\xampp\htdocs\zlink\themes\altum\views\partials\footer.php on line 55
[24-May-2022 12:24:11 UTC] PHP Warning:  Undefined property: stdClass::$is_enabled in C:\xampp\htdocs\zlink\themes\altum\views\partials\footer.php on line 59
[24-May-2022 12:24:11 UTC] PHP Warning:  Undefined property: stdClass::$guests_content in C:\xampp\htdocs\zlink\themes\altum\views\partials\announcements.php on line 4
[24-May-2022 12:24:11 UTC] PHP Warning:  Undefined property: stdClass::$users_content in C:\xampp\htdocs\zlink\themes\altum\views\partials\announcements.php on line 4
[24-May-2022 12:24:11 UTC] PHP Warning:  Undefined property: stdClass::$is_enabled in C:\xampp\htdocs\zlink\themes\altum\views\partials\cookie_consent.php on line 3
[24-May-2022 12:24:15 UTC] PHP Warning:  Attempt to read property "is_enabled" on string in C:\xampp\htdocs\zlink\themes\altum\views\partials\menu.php on line 34
[24-May-2022 12:24:15 UTC] PHP Warning:  Undefined property: stdClass::$contact in C:\xampp\htdocs\zlink\themes\altum\views\partials\footer.php on line 55
[24-May-2022 12:24:15 UTC] PHP Warning:  Undefined property: stdClass::$is_enabled in C:\xampp\htdocs\zlink\themes\altum\views\partials\footer.php on line 59
[24-May-2022 12:24:15 UTC] PHP Warning:  Undefined property: stdClass::$guests_content in C:\xampp\htdocs\zlink\themes\altum\views\partials\announcements.php on line 4
[24-May-2022 12:24:15 UTC] PHP Warning:  Undefined property: stdClass::$users_content in C:\xampp\htdocs\zlink\themes\altum\views\partials\announcements.php on line 4
[24-May-2022 12:24:15 UTC] PHP Warning:  Undefined property: stdClass::$is_enabled in C:\xampp\htdocs\zlink\themes\altum\views\partials\cookie_consent.php on line 3
[24-May-2022 12:24:20 UTC] PHP Warning:  Attempt to read property "is_enabled" on string in C:\xampp\htdocs\zlink\themes\altum\views\partials\menu.php on line 34
[24-May-2022 12:24:20 UTC] PHP Warning:  Attempt to read property "is_enabled" on string in C:\xampp\htdocs\zlink\themes\altum\views\partials\menu.php on line 59
[24-May-2022 12:24:20 UTC] PHP Warning:  Undefined property: stdClass::$contact in C:\xampp\htdocs\zlink\themes\altum\views\partials\footer.php on line 55
[24-May-2022 12:24:20 UTC] PHP Warning:  Undefined property: stdClass::$is_enabled in C:\xampp\htdocs\zlink\themes\altum\views\partials\footer.php on line 59
[24-May-2022 12:24:20 UTC] PHP Warning:  Undefined property: stdClass::$guests_content in C:\xampp\htdocs\zlink\themes\altum\views\partials\announcements.php on line 4
[24-May-2022 12:24:20 UTC] PHP Warning:  Undefined property: stdClass::$users_content in C:\xampp\htdocs\zlink\themes\altum\views\partials\announcements.php on line 4
[24-May-2022 12:24:20 UTC] PHP Warning:  Undefined property: stdClass::$is_enabled in C:\xampp\htdocs\zlink\themes\altum\views\partials\cookie_consent.php on line 3
